2017-11-23, 18:58:32, INFO  , Termino ciclo,
2017-11-23, 18:58:32, INFO  , Salio true,
2017-11-23, 18:58:32, INFO  , Actual = a siguiente true,
2017-11-23, 18:58:32, INFO  , Actual es distinto de null,
2017-11-23, 18:58:32, INFO  , Actual = a siguiente true,
2017-11-23, 18:58:32, INFO  , Actual es distinto de null,
2017-11-23, 18:58:32, INFO  , Actual = a siguiente true,
2017-11-23, 18:58:32, INFO  , Actual es distinto de null,
2017-11-23, 18:58:32, INFO  , Actual = a siguiente true,
2017-11-23, 18:58:32, INFO  , Actual es distinto de null,
2017-11-23, 18:58:32, INFO  , Actual = a siguiente true,
2017-11-23, 18:58:32, INFO  , Actual es distinto de null,
2017-11-23, 18:58:32, INFO  , Actual = a siguiente true,
2017-11-23, 18:58:32, INFO  , Actual es distinto de null,
2017-11-23, 18:58:32, INFO  , Actual = a siguiente true,
2017-11-23, 18:58:32, INFO  , Actual es distinto de null,
2017-11-23, 18:58:32, INFO  , Actual = a siguiente true,
2017-11-23, 18:58:32, INFO  , Actual es distinto de null,
2017-11-23, 18:58:32, INFO  , Actual = a siguiente true,
2017-11-23, 18:58:32, INFO  , Actual es distinto de null,
2017-11-23, 18:58:32, INFO  , Actual = a siguiente true,
2017-11-23, 18:58:32, INFO  , Actual es distinto de null,
2017-11-23, 18:58:32, INFO  , Actual = a siguiente true,
2017-11-23, 18:58:32, INFO  , Actual es distinto de null,
2017-11-23, 18:58:32, INFO  , Actual = a siguiente true,
2017-11-23, 18:58:32, INFO  , Actual es distinto de null,
2017-11-23, 18:58:32, INFO  , Actual = a siguiente true,
2017-11-23, 18:58:32, INFO  , Actual es distinto de null,
2017-11-23, 18:58:32, INFO  , Actual = a siguiente true,
2017-11-23, 18:58:32, INFO  , Actual es distinto de null,
2017-11-23, 18:58:32, INFO  , Actual = a siguiente true,
2017-11-23, 18:58:32, INFO  , Actual es distinto de null,
2017-11-23, 18:58:32, INFO  , Actual = a siguiente true,
2017-11-23, 18:58:32, INFO  , Actual es distinto de null,
2017-11-23, 18:58:32, INFO  , Actual = a siguiente true,
2017-11-23, 18:58:32, INFO  , Actual es distinto de null,
2017-11-23, 18:58:32, INFO  , Actual = a siguiente true,
2017-11-23, 18:58:32, INFO  , Actual es distinto de null,
2017-11-23, 18:58:32, INFO  , Actual = a siguiente true,
2017-11-23, 18:58:32, INFO  , Actual es distinto de null,
2017-11-23, 18:58:32, INFO  , Actual = a siguiente true,
2017-11-23, 18:58:32, INFO  , Actual es distinto de null,
2017-11-23, 18:58:32, INFO  , Actual = a siguiente true,
2017-11-23, 18:58:32, INFO  , Actual es distinto de null,
2017-11-23, 18:58:32, INFO  , Actual = a siguiente true,
2017-11-23, 18:58:32, INFO  , Actual es distinto de null,
2017-11-23, 18:58:32, INFO  , Actual = a siguiente true,
2017-11-23, 18:58:32, INFO  , Actual es distinto de null,
2017-11-23, 18:58:32, INFO  , Actual = a siguiente true,
2017-11-23, 18:58:32, INFO  , Actual es distinto de null,
2017-11-23, 18:58:32, INFO  , Actual = a siguiente true,
2017-11-23, 18:58:32, INFO  , Actual es distinto de null,
2017-11-23, 18:58:32, INFO  , Actual = a siguiente true,
2017-11-23, 18:58:32, INFO  , Actual es distinto de null,
2017-11-23, 18:58:32, INFO  , Actual = a siguiente true,
2017-11-23, 18:58:32, INFO  , Actual es distinto de null,
2017-11-23, 18:58:32, INFO  , Actual = a siguiente true,
2017-11-23, 18:58:32, INFO  , Actual es distinto de null,
2017-11-23, 18:58:32, INFO  , Actual = a siguiente true,
2017-11-23, 18:58:32, INFO  , Actual es distinto de null,
2017-11-23, 18:58:32, INFO  , Actual = a siguiente true,
2017-11-23, 18:58:32, INFO  , Actual es distinto de null,
2017-11-23, 18:58:32, INFO  , Actual = a siguiente true,
2017-11-23, 18:58:32, INFO  , Actual es distinto de null,
2017-11-23, 18:58:32, INFO  , Actual = a siguiente true,
2017-11-23, 18:58:32, INFO  , Actual es distinto de null,
2017-11-23, 18:58:32, INFO  , Actual = a siguiente true,
2017-11-23, 18:58:32, INFO  , Actual es distinto de null,
2017-11-23, 18:58:32, INFO  , Actual = a siguiente true,
2017-11-23, 18:58:32, INFO  , Actual es distinto de null,
2017-11-23, 18:58:32, INFO  , Actual = a siguiente true,
2017-11-23, 18:58:32, INFO  , Actual es distinto de null,
2017-11-23, 18:58:32, INFO  , Actual = a siguiente true,
2017-11-23, 18:58:32, INFO  , Actual es distinto de null,
2017-11-23, 18:58:32, INFO  , Actual = a siguiente true,
2017-11-23, 18:58:32, INFO  , Actual es distinto de null,
2017-11-23, 18:58:32, INFO  , Actual = a siguiente true,
2017-11-23, 18:58:32, INFO  , Actual es distinto de null,
2017-11-23, 18:58:32, INFO  , Actual = a siguiente true,
2017-11-23, 18:58:32, INFO  , Actual es distinto de null,
2017-11-23, 18:58:32, INFO  , Actual = a siguiente true,
2017-11-23, 18:58:32, INFO  , Actual es distinto de null,
2017-11-23, 18:58:32, INFO  , Actual = a siguiente true,
2017-11-23, 18:58:32, INFO  , Actual es distinto de null,
2017-11-23, 18:58:32, INFO  , Actual = a siguiente true,
2017-11-23, 18:58:32, INFO  , Actual es distinto de null,
2017-11-23, 18:58:32, INFO  , Actual = a siguiente true,
2017-11-23, 18:58:32, INFO  , Actual es distinto de null,
2017-11-23, 18:58:32, INFO  , Actual = a siguiente true,
2017-11-23, 18:58:32, INFO  , Actual es distinto de null,
2017-11-23, 18:58:32, INFO  , Actual = a siguiente true,
2017-11-23, 18:58:32, INFO  , Actual es distinto de null,
2017-11-23, 18:58:32, INFO  , Actual = a siguiente true,
2017-11-23, 18:58:32, INFO  , Actual es distinto de null,
2017-11-23, 18:58:32, INFO  , Actual = a siguiente true,
2017-11-23, 18:58:32, INFO  , Actual es distinto de null,
2017-11-23, 18:58:32, INFO  , Actual = a siguiente true,
2017-11-23, 18:58:32, INFO  , Actual es distinto de null,
2017-11-23, 18:58:32, INFO  , Actual = a siguiente true,
2017-11-23, 18:58:32, INFO  , Actual es distinto de null,
2017-11-23, 18:58:32, INFO  , Actual = a siguiente true,
2017-11-23, 18:58:32, INFO  , Actual es distinto de null,
2017-11-23, 18:58:32, INFO  , Actual = a siguiente true,
2017-11-23, 18:58:32, INFO  , Actual es distinto de null,
2017-11-23, 18:58:32, INFO  , Actual = a siguiente true,
2017-11-23, 18:58:32, INFO  , Actual es distinto de null,
2017-11-23, 18:58:32, INFO  , Actual = a siguiente true,
2017-11-23, 18:58:32, INFO  , Actual es distinto de null,
2017-11-23, 18:58:32, INFO  , Actual = a siguiente true,
2017-11-23, 18:58:32, INFO  , Actual es distinto de null,
2017-11-23, 18:58:32, INFO  , Actual = a siguiente true,
2017-11-23, 18:58:32, INFO  , Actual es distinto de null,
2017-11-23, 18:58:32, INFO  , Actual = a siguiente true,
2017-11-23, 18:58:32, INFO  , Actual es distinto de null,
2017-11-23, 18:58:32, INFO  , Actual = a siguiente true,
2017-11-23, 18:58:32, INFO  , Actual es distinto de null,
2017-11-23, 18:58:32, INFO  , Actual = a siguiente true,
2017-11-23, 18:58:32, INFO  , Actual es distinto de null,
2017-11-23, 18:58:32, INFO  , Actual = a siguiente true,
2017-11-23, 18:58:32, INFO  , Actual es distinto de null,
2017-11-23, 18:58:32, INFO  , Actual = a siguiente true,
2017-11-23, 18:58:32, INFO  , Actual es distinto de null,
2017-11-23, 18:58:32, INFO  , Actual = a siguiente true,
2017-11-23, 18:58:32, INFO  , Actual es distinto de null,
2017-11-23, 18:58:32, INFO  , Actual = a siguiente true,
2017-11-23, 18:58:32, INFO  , Actual es distinto de null,
2017-11-23, 18:58:32, INFO  , Actual = a siguiente true,
2017-11-23, 18:58:32, INFO  , Actual es distinto de null,
2017-11-23, 18:58:32, INFO  , Actual = a siguiente true,
2017-11-23, 18:58:32, INFO  , Actual es distinto de null,
2017-11-23, 18:58:32, INFO  , Actual = a siguiente true,
2017-11-23, 18:58:32, INFO  , Actual es distinto de null,
2017-11-23, 18:58:32, INFO  , Actual = a siguiente true,
2017-11-23, 18:58:32, INFO  , Actual es distinto de null,
2017-11-23, 18:58:32, INFO  , Actual = a siguiente true,
2017-11-23, 18:58:32, INFO  , Actual es distinto de null,
2017-11-23, 18:58:32, INFO  , Actual = a siguiente true,
2017-11-23, 18:58:32, INFO  , Actual es distinto de null,
2017-11-23, 18:58:32, INFO  , Actual = a siguiente true,
2017-11-23, 18:58:32, INFO  , Actual es distinto de null,
2017-11-23, 18:58:32, INFO  , Actual = a siguiente true,
2017-11-23, 18:58:32, INFO  , Actual es distinto de null,
2017-11-23, 18:58:32, INFO  , Actual = a siguiente true,
2017-11-23, 18:58:32, INFO  , Actual es distinto de null,
2017-11-23, 18:58:32, INFO  , Actual = a siguiente true,
2017-11-23, 18:58:32, INFO  , Actual es distinto de null,
2017-11-23, 18:58:32, INFO  , Actual = a siguiente true,
2017-11-23, 18:58:32, INFO  , Actual es distinto de null,
2017-11-23, 18:58:32, INFO  , Actual = a siguiente true,
2017-11-23, 18:58:32, INFO  , Actual es distinto de null,
2017-11-23, 18:58:32, INFO  , Actual = a siguiente true,
2017-11-23, 18:58:32, INFO  , Actual es distinto de null,
2017-11-23, 18:58:32, INFO  , Actual = a siguiente true,
2017-11-23, 18:58:32, INFO  , Actual es distinto de null,
2017-11-23, 18:58:32, INFO  , Actual = a siguiente true,
2017-11-23, 18:58:32, INFO  , Actual es distinto de null,
2017-11-23, 18:58:32, INFO  , Actual = a siguiente true,
2017-11-23, 18:58:32, INFO  , Actual es distinto de null,
2017-11-23, 18:58:32, INFO  , Actual = a siguiente true,
2017-11-23, 18:58:32, INFO  , Actual es distinto de null,
2017-11-23, 18:58:32, INFO  , Actual = a siguiente true,
2017-11-23, 18:58:32, INFO  , Actual es distinto de null,
2017-11-23, 18:58:32, INFO  , Actual = a siguiente true,
2017-11-23, 18:58:32, INFO  , Actual es distinto de null,
2017-11-23, 18:58:32, INFO  , Actual = a siguiente true,
2017-11-23, 18:58:32, INFO  , Actual es distinto de null,
2017-11-23, 18:58:32, INFO  , Actual = a siguiente true,
2017-11-23, 18:58:32, INFO  , Actual es distinto de null,
2017-11-23, 18:58:32, INFO  , Actual = a siguiente true,
2017-11-23, 18:58:32, INFO  , Actual es distinto de null,
2017-11-23, 18:58:32, INFO  , Actual = a siguiente true,
2017-11-23, 18:58:32, INFO  , Actual es distinto de null,
2017-11-23, 18:58:32, INFO  , Actual = a siguiente true,
2017-11-23, 18:58:32, INFO  , Actual es distinto de null,
2017-11-23, 18:58:32, INFO  , Actual = a siguiente true,
2017-11-23, 18:58:32, INFO  , Actual es distinto de null,
2017-11-23, 18:58:32, INFO  , Actual = a siguiente true,
2017-11-23, 18:58:32, INFO  , Actual es distinto de null,
2017-11-23, 18:58:32, INFO  , Actual = a siguiente true,
2017-11-23, 18:58:32, INFO  , Actual es distinto de null,
2017-11-23, 18:58:32, INFO  , Actual = a siguiente true,
2017-11-23, 18:58:32, INFO  , Actual es distinto de null,
2017-11-23, 18:58:32, INFO  , Actual = a siguiente true,
2017-11-23, 18:58:32, INFO  , Actual es distinto de null,
2017-11-23, 18:58:32, INFO  , Actual = a siguiente true,
2017-11-23, 18:58:32, INFO  , Actual es distinto de null,
2017-11-23, 18:58:32, INFO  , Actual = a siguiente true,
2017-11-23, 18:58:32, INFO  , Actual es distinto de null,
2017-11-23, 18:58:32, INFO  , Actual = a siguiente true,
2017-11-23, 18:58:32, INFO  , Actual es distinto de null,
2017-11-23, 18:58:32, INFO  , Actual = a siguiente true,
2017-11-23, 18:58:32, INFO  , Actual es distinto de null,
2017-11-23, 18:58:32, INFO  , Actual = a siguiente true,
2017-11-23, 18:58:32, INFO  , Actual es distinto de null,
2017-11-23, 18:58:32, INFO  , Actual = a siguiente true,
2017-11-23, 18:58:32, INFO  , Actual es distinto de null,
2017-11-23, 18:58:32, INFO  , Actual = a siguiente true,
2017-11-23, 18:58:32, INFO  , Actual es distinto de null,
2017-11-23, 18:58:32, INFO  , Actual = a siguiente true,
2017-11-23, 18:58:32, INFO  , Actual es distinto de null,
2017-11-23, 18:58:32, INFO  , Actual = a siguiente true,
2017-11-23, 18:58:32, INFO  , Actual es distinto de null,
2017-11-23, 18:58:32, INFO  , Actual = a siguiente true,
2017-11-23, 18:58:32, INFO  , Actual es distinto de null,
2017-11-23, 18:58:32, INFO  , Actual = a siguiente true,
2017-11-23, 18:58:32, INFO  , Actual es distinto de null,
2017-11-23, 18:58:32, INFO  , Actual = a siguiente true,
2017-11-23, 18:58:32, INFO  , Actual es distinto de null,
2017-11-23, 18:58:32, INFO  , Actual = a siguiente true,
2017-11-23, 18:58:32, INFO  , Actual es distinto de null,
2017-11-23, 18:58:32, INFO  , Actual = a siguiente true,
2017-11-23, 18:58:32, INFO  , Actual es distinto de null,
2017-11-23, 18:58:32, INFO  , Actual = a siguiente true,
2017-11-23, 18:58:32, INFO  , Actual es distinto de null,
2017-11-23, 18:58:32, INFO  , Actual = a siguiente true,
2017-11-23, 18:58:32, INFO  , Actual es distinto de null,
2017-11-23, 18:58:32, INFO  , Actual = a siguiente true,
2017-11-23, 18:58:32, INFO  , Actual es distinto de null,
2017-11-23, 18:58:32, INFO  , Actual = a siguiente true,
2017-11-23, 18:58:32, INFO  , Actual es distinto de null,
2017-11-23, 18:58:32, INFO  , Actual = a siguiente true,
2017-11-23, 18:58:32, INFO  , Actual es distinto de null,
2017-11-23, 18:58:32, INFO  , Actual = a siguiente true,
2017-11-23, 18:58:32, INFO  , Actual es distinto de null,
2017-11-23, 18:58:32, INFO  , Actual = a siguiente true,
2017-11-23, 18:58:32, INFO  , Actual es distinto de null,
2017-11-23, 18:58:32, INFO  , Actual = a siguiente true,
2017-11-23, 18:58:32, INFO  , Actual es distinto de null,
2017-11-23, 18:58:32, INFO  , Actual = a siguiente true,
2017-11-23, 18:58:32, INFO  , Actual es distinto de null,
2017-11-23, 18:58:32, INFO  , Actual = a siguiente true,
2017-11-23, 18:58:32, INFO  , Actual es distinto de null,
2017-11-23, 18:58:32, INFO  , Actual = a siguiente true,
2017-11-23, 18:58:32, INFO  , Actual es distinto de null,
2017-11-23, 18:58:32, INFO  , Actual = a siguiente true,
2017-11-23, 18:58:32, INFO  , Actual es distinto de null,
2017-11-23, 18:58:32, INFO  , Actual = a siguiente true,
2017-11-23, 18:58:32, INFO  , Actual es distinto de null,
2017-11-23, 18:58:32, INFO  , Actual = a siguiente true,
2017-11-23, 18:58:32, INFO  , Actual es distinto de null,
2017-11-23, 18:58:32, INFO  , Actual = a siguiente true,
2017-11-23, 18:58:32, INFO  , Actual es distinto de null,
2017-11-23, 18:58:32, INFO  , Actual = a siguiente true,
2017-11-23, 18:58:32, INFO  , Actual es distinto de null,
2017-11-23, 18:58:32, INFO  , Actual = a siguiente true,
2017-11-23, 18:58:32, INFO  , Actual es distinto de null,
2017-11-23, 18:58:32, INFO  , Actual = a siguiente true,
2017-11-23, 18:58:32, INFO  , Actual es distinto de null,
2017-11-23, 18:58:32, INFO  , Actual = a siguiente true,
2017-11-23, 18:58:32, INFO  , Actual es distinto de null,
2017-11-23, 18:58:32, INFO  , Actual = a siguiente true,
2017-11-23, 18:58:32, INFO  , Actual es distinto de null,
2017-11-23, 18:58:32, INFO  , Actual = a siguiente true,
2017-11-23, 18:58:32, INFO  , Actual es distinto de null,
2017-11-23, 18:58:32, INFO  , Actual = a siguiente true,
2017-11-23, 18:58:32, INFO  , Actual es distinto de null,
2017-11-23, 18:58:32, INFO  , Actual = a siguiente true,
2017-11-23, 18:58:32, INFO  , Actual es distinto de null,
2017-11-23, 18:58:32, INFO  , Actual = a siguiente true,
2017-11-23, 18:58:32, INFO  , Actual es distinto de null,
2017-11-23, 18:58:32, INFO  , Actual = a siguiente true,
2017-11-23, 18:58:32, INFO  , Actual es distinto de null,
2017-11-23, 18:58:32, INFO  , Actual = a siguiente true,
2017-11-23, 18:58:32, INFO  , Actual es distinto de null,
2017-11-23, 18:58:32, INFO  , Actual = a siguiente true,
2017-11-23, 18:58:32, INFO  , Actual es distinto de null,
2017-11-23, 18:58:32, INFO  , Actual = a siguiente true,
2017-11-23, 18:58:32, INFO  , Actual es distinto de null,
2017-11-23, 18:58:32, INFO  , Actual = a siguiente true,
2017-11-23, 18:58:32, INFO  , Actual es distinto de null,
2017-11-23, 18:58:32, INFO  , Actual = a siguiente true,
2017-11-23, 18:58:32, INFO  , Actual es distinto de null,
2017-11-23, 18:58:32, INFO  , Actual = a siguiente true,
2017-11-23, 18:58:32, INFO  , Actual es distinto de null,
2017-11-23, 18:58:32, INFO  , Actual = a siguiente true,
2017-11-23, 18:58:32, INFO  , Actual es distinto de null,
2017-11-23, 18:58:32, INFO  , Actual = a siguiente true,
2017-11-23, 18:58:32, INFO  , Actual es distinto de null,
2017-11-23, 18:58:32, INFO  , Actual = a siguiente true,
2017-11-23, 18:58:32, INFO  , Actual es distinto de null,
2017-11-23, 18:58:32, INFO  , Actual = a siguiente true,
2017-11-23, 18:58:32, INFO  , Actual es distinto de null,
2017-11-23, 18:58:32, INFO  , Actual = a siguiente true,
2017-11-23, 18:58:32, INFO  , Actual es distinto de null,
2017-11-23, 18:58:32, INFO  , Actual = a siguiente true,
2017-11-23, 18:58:32, INFO  , Actual es distinto de null,
2017-11-23, 18:58:32, INFO  , Actual = a siguiente true,
2017-11-23, 18:58:32, INFO  , Actual es distinto de null,
2017-11-23, 18:58:32, INFO  , Actual = a siguiente true,
2017-11-23, 18:58:32, INFO  , Actual es distinto de null,
2017-11-23, 18:58:32, INFO  , Actual = a siguiente true,
2017-11-23, 18:58:32, INFO  , Actual es distinto de null,
2017-11-23, 18:58:32, INFO  , Actual = a siguiente true,
2017-11-23, 18:58:32, INFO  , Actual es distinto de null,
2017-11-23, 18:58:32, INFO  , Actual = a siguiente true,
2017-11-23, 18:58:32, INFO  , Actual es distinto de null,
2017-11-23, 18:58:32, INFO  , Actual = a siguiente true,
2017-11-23, 18:58:32, INFO  , Actual es distinto de null,
2017-11-23, 18:58:32, INFO  , Actual = a siguiente true,
2017-11-23, 18:58:32, INFO  , Actual es distinto de null,
2017-11-23, 18:58:32, INFO  , Actual = a siguiente true,
2017-11-23, 18:58:32, INFO  , Actual es distinto de null,
2017-11-23, 18:58:32, INFO  , Actual = a siguiente true,
2017-11-23, 18:58:32, INFO  , Actual es distinto de null,
2017-11-23, 18:58:32, INFO  , Actual = a siguiente true,
2017-11-23, 18:58:32, INFO  , Actual es distinto de null,
2017-11-23, 18:58:32, INFO  , Actual = a siguiente true,
2017-11-23, 18:58:32, INFO  , Actual es distinto de null,
2017-11-23, 18:58:32, INFO  , Actual = a siguiente true,
2017-11-23, 18:58:32, INFO  , Actual es distinto de null,
2017-11-23, 18:58:32, INFO  , Actual = a siguiente true,
2017-11-23, 18:58:32, INFO  , Actual es distinto de null,
2017-11-23, 18:58:32, INFO  , Actual = a siguiente true,
2017-11-23, 18:58:32, INFO  , Actual es distinto de null,
2017-11-23, 18:58:32, INFO  , Actual = a siguiente true,
2017-11-23, 18:58:32, INFO  , Actual es distinto de null,
2017-11-23, 18:58:32, INFO  , Actual = a siguiente true,
2017-11-23, 18:58:32, INFO  , Actual es distinto de null,
2017-11-23, 18:58:32, INFO  , Actual = a siguiente true,
2017-11-23, 18:58:32, INFO  , Actual es distinto de null,
2017-11-23, 18:58:32, INFO  , Actual = a siguiente true,
2017-11-23, 18:58:32, INFO  , Actual es distinto de null,
2017-11-23, 18:58:32, INFO  , Actual = a siguiente true,
2017-11-23, 18:58:32, INFO  , Actual es distinto de null,
2017-11-23, 18:58:32, INFO  , Actual = a siguiente true,
2017-11-23, 18:58:32, INFO  , Actual es distinto de null,
2017-11-23, 18:58:32, INFO  , Actual = a siguiente true,
2017-11-23, 18:58:32, INFO  , Actual es distinto de null,
2017-11-23, 18:58:32, INFO  , Actual = a siguiente true,
2017-11-23, 18:58:32, INFO  , Actual es distinto de null,
2017-11-23, 18:58:32, INFO  , Actual = a siguiente true,
2017-11-23, 18:58:32, INFO  , Actual es distinto de null,
2017-11-23, 18:58:32, INFO  , Actual = a siguiente true,
2017-11-23, 18:58:32, INFO  , Actual es distinto de null,
2017-11-23, 18:58:32, INFO  , Actual = a siguiente true,
2017-11-23, 18:58:32, INFO  , Actual es distinto de null,
2017-11-23, 18:58:32, INFO  , Actual = a siguiente true,
2017-11-23, 18:58:32, INFO  , Actual es distinto de null,
2017-11-23, 18:58:32, INFO  , Actual = a siguiente true,
2017-11-23, 18:58:32, INFO  , Actual es distinto de null,
2017-11-23, 18:58:32, INFO  , Actual = a siguiente true,
2017-11-23, 18:58:32, INFO  , Actual es distinto de null,
2017-11-23, 18:58:32, INFO  , Actual = a siguiente true,
2017-11-23, 18:58:32, INFO  , Actual es distinto de null,
2017-11-23, 18:58:32, INFO  , Actual = a siguiente true,
2017-11-23, 18:58:32, INFO  , Actual es distinto de null,
2017-11-23, 18:58:32, INFO  , Actual = a siguiente true,
2017-11-23, 18:58:32, INFO  , Actual es distinto de null,
2017-11-23, 18:58:32, INFO  , Actual = a siguiente true,
2017-11-23, 18:58:32, INFO  , Actual es distinto de null,
2017-11-23, 18:58:32, INFO  , Actual = a siguiente true,
2017-11-23, 18:58:32, INFO  , Actual es distinto de null,
2017-11-23, 18:58:32, INFO  , Actual = a siguiente true,
2017-11-23, 18:58:32, INFO  , Actual es distinto de null,
2017-11-23, 18:58:32, INFO  , Actual = a siguiente true,
2017-11-23, 18:58:32, INFO  , Actual es distinto de null,
2017-11-23, 18:58:32, INFO  , Actual = a siguiente true,
2017-11-23, 18:58:32, INFO  , Actual es distinto de null,
2017-11-23, 18:58:32, INFO  , Actual = a siguiente true,
2017-11-23, 18:58:32, INFO  , Actual es distinto de null,
2017-11-23, 18:58:32, INFO  , Actual = a siguiente true,
2017-11-23, 18:58:32, INFO  , Actual es distinto de null,
2017-11-23, 18:58:32, INFO  , Actual = a siguiente true,
2017-11-23, 18:58:32, INFO  , Actual es distinto de null,
2017-11-23, 18:58:32, INFO  , Actual = a siguiente true,
2017-11-23, 18:58:32, INFO  , Actual es distinto de null,
2017-11-23, 18:58:32, INFO  , Actual = a siguiente true,
2017-11-23, 18:58:32, INFO  , Actual es distinto de null,
2017-11-23, 18:58:32, INFO  , Actual = a siguiente true,
2017-11-23, 18:58:32, INFO  , Actual es distinto de null,
2017-11-23, 18:58:32, INFO  , Actual = a siguiente true,
2017-11-23, 18:58:32, INFO  , Actual es distinto de null,
2017-11-23, 18:58:32, INFO  , Actual = a siguiente true,
2017-11-23, 18:58:32, INFO  , Actual es distinto de null,
2017-11-23, 18:58:32, INFO  , Actual = a siguiente true,
2017-11-23, 18:58:32, INFO  , Actual es distinto de null,
2017-11-23, 18:58:32, INFO  , Actual = a siguiente true,
2017-11-23, 18:58:32, INFO  , Actual es distinto de null,
2017-11-23, 18:58:32, INFO  , Actual = a siguiente true,
2017-11-23, 18:58:32, INFO  , Actual es distinto de null,
2017-11-23, 18:58:32, INFO  , Actual = a siguiente true,
2017-11-23, 18:58:32, INFO  , Actual es distinto de null,
2017-11-23, 18:58:32, INFO  , Actual = a siguiente true,
2017-11-23, 18:58:32, INFO  , Actual es distinto de null,
2017-11-23, 18:58:32, INFO  , Actual = a siguiente true,
2017-11-23, 18:58:32, INFO  , Actual es distinto de null,
2017-11-23, 18:58:32, INFO  , Actual = a siguiente true,
2017-11-23, 18:58:32, INFO  , Actual es distinto de null,
2017-11-23, 18:58:32, INFO  , Actual = a siguiente true,
2017-11-23, 18:58:32, INFO  , Actual es distinto de null,
2017-11-23, 18:58:32, INFO  , Actual = a siguiente true,
2017-11-23, 18:58:32, INFO  , Actual es distinto de null,
2017-11-23, 18:58:32, INFO  , Actual = a siguiente true,
2017-11-23, 18:58:32, INFO  , Actual es distinto de null,
2017-11-23, 18:58:32, INFO  , Actual = a siguiente true,
2017-11-23, 18:58:32, INFO  , Actual es distinto de null,
2017-11-23, 18:58:32, INFO  , Actual = a siguiente true,
2017-11-23, 18:58:32, INFO  , Actual es distinto de null,
2017-11-23, 18:58:32, INFO  , Actual = a siguiente true,
2017-11-23, 18:58:32, INFO  , Actual es distinto de null,
2017-11-23, 18:58:32, INFO  , Actual = a siguiente true,
2017-11-23, 18:58:32, INFO  , Actual es distinto de null,
2017-11-23, 18:58:32, INFO  , Actual = a siguiente true,
2017-11-23, 18:58:32, INFO  , Actual es distinto de null,
2017-11-23, 18:58:32, INFO  , Actual = a siguiente true,
2017-11-23, 18:58:32, INFO  , Actual es distinto de null,
2017-11-23, 18:58:32, INFO  , Actual = a siguiente true,
2017-11-23, 18:58:32, INFO  , Actual es distinto de null,
2017-11-23, 18:58:32, INFO  , Actual = a siguiente true,
2017-11-23, 18:58:32, INFO  , Actual es distinto de null,
2017-11-23, 18:58:32, INFO  , Actual = a siguiente true,
2017-11-23, 18:58:32, INFO  , Actual es distinto de null,
2017-11-23, 18:58:32, INFO  , Actual = a siguiente true,
2017-11-23, 18:58:32, INFO  , Actual es distinto de null,
2017-11-23, 18:58:32, INFO  , Actual = a siguiente true,
2017-11-23, 18:58:32, INFO  , Actual es distinto de null,
2017-11-23, 18:58:32, INFO  , Actual = a siguiente true,
2017-11-23, 18:58:32, INFO  , Actual es distinto de null,
2017-11-23, 18:58:32, INFO  , Actual = a siguiente true,
2017-11-23, 18:58:32, INFO  , Actual es distinto de null,
2017-11-23, 18:58:32, INFO  , Actual = a siguiente true,
2017-11-23, 18:58:32, INFO  , Actual es distinto de null,
2017-11-23, 18:58:32, INFO  , Actual = a siguiente true,
2017-11-23, 18:58:32, INFO  , Actual es distinto de null,
2017-11-23, 18:58:32, INFO  , Actual = a siguiente true,
2017-11-23, 18:58:32, INFO  , Actual es distinto de null,
2017-11-23, 18:58:32, INFO  , Actual = a siguiente true,
2017-11-23, 18:58:32, INFO  , Actual es distinto de null,
2017-11-23, 18:58:32, INFO  , Actual = a siguiente true,
2017-11-23, 18:58:32, INFO  , Actual es distinto de null,
2017-11-23, 18:58:32, INFO  , Actual = a siguiente true,
2017-11-23, 18:58:32, INFO  , Actual es distinto de null,
2017-11-23, 18:58:32, INFO  , Actual = a siguiente true,
2017-11-23, 18:58:32, INFO  , Actual es distinto de null,
2017-11-23, 18:58:32, INFO  , Actual = a siguiente true,
2017-11-23, 18:58:32, INFO  , Actual es distinto de null,
2017-11-23, 18:58:32, INFO  , Actual = a siguiente true,
2017-11-23, 18:58:32, INFO  , Actual es distinto de null,
2017-11-23, 18:58:32, INFO  , Actual = a siguiente true,
2017-11-23, 18:58:32, INFO  , Actual es distinto de null,
2017-11-23, 18:58:32, INFO  , Actual = a siguiente true,
2017-11-23, 18:58:32, INFO  , Actual es distinto de null,
2017-11-23, 18:58:32, INFO  , Actual = a siguiente true,
2017-11-23, 18:58:32, INFO  , Actual es distinto de null,
2017-11-23, 18:58:32, INFO  , Actual = a siguiente true,
2017-11-23, 18:58:32, INFO  , Actual es distinto de null,
2017-11-23, 18:58:32, INFO  , Actual = a siguiente true,
2017-11-23, 18:58:32, INFO  , Actual es distinto de null,
2017-11-23, 18:58:32, INFO  , Actual = a siguiente true,
2017-11-23, 18:58:32, INFO  , Actual es distinto de null,
2017-11-23, 18:58:32, INFO  , Actual = a siguiente true,
2017-11-23, 18:58:32, INFO  , Actual es distinto de null,
2017-11-23, 18:58:32, INFO  , Actual = a siguiente true,
2017-11-23, 18:58:32, INFO  , Actual es distinto de null,
2017-11-23, 18:58:32, INFO  , Actual = a siguiente true,
2017-11-23, 18:58:32, INFO  , Actual es distinto de null,
2017-11-23, 18:58:32, INFO  , Actual = a siguiente true,
2017-11-23, 18:58:32, INFO  , Actual es distinto de null,
2017-11-23, 18:58:32, INFO  , Actual = a siguiente true,
2017-11-23, 18:58:32, INFO  , Actual es distinto de null,
2017-11-23, 18:58:32, INFO  , Actual = a siguiente true,
2017-11-23, 18:58:32, INFO  , Actual es distinto de null,
2017-11-23, 18:58:32, INFO  , Actual = a siguiente true,
2017-11-23, 18:58:32, INFO  , Actual es distinto de null,
2017-11-23, 18:58:32, INFO  , Actual = a siguiente true,
2017-11-23, 18:58:32, INFO  , Actual es distinto de null,
2017-11-23, 18:58:32, INFO  , Actual = a siguiente true,
2017-11-23, 18:58:32, INFO  , Actual es distinto de null,
2017-11-23, 18:58:32, INFO  , Actual = a siguiente true,
2017-11-23, 18:58:32, INFO  , Actual es distinto de null,
2017-11-23, 18:58:32, INFO  , Actual = a siguiente true,
2017-11-23, 18:58:32, INFO  , Actual es distinto de null,
2017-11-23, 18:58:32, INFO  , Actual = a siguiente true,
2017-11-23, 18:58:32, INFO  , Actual es distinto de null,
2017-11-23, 18:58:32, INFO  , Actual = a siguiente true,
2017-11-23, 18:58:32, INFO  , Actual es distinto de null,
2017-11-23, 18:58:32, INFO  , Actual = a siguiente true,
2017-11-23, 18:58:32, INFO  , Actual es distinto de null,
2017-11-23, 18:58:32, INFO  , Actual = a siguiente true,
2017-11-23, 18:58:32, INFO  , Actual es distinto de null,
2017-11-23, 18:58:32, INFO  , Actual = a siguiente true,
2017-11-23, 18:58:32, INFO  , Actual es distinto de null,
2017-11-23, 18:58:32, INFO  , Actual = a siguiente true,
2017-11-23, 18:58:32, INFO  , Actual es distinto de null,
2017-11-23, 18:58:32, INFO  , Actual = a siguiente true,
2017-11-23, 18:58:32, INFO  , Actual es distinto de null,
2017-11-23, 18:58:32, INFO  , Actual = a siguiente true,
2017-11-23, 18:58:32, INFO  , Actual es distinto de null,
2017-11-23, 18:58:32, INFO  , Actual = a siguiente true,
2017-11-23, 18:58:32, INFO  , Actual es distinto de null,
2017-11-23, 18:58:32, INFO  , Actual = a siguiente true,
2017-11-23, 18:58:32, INFO  , Actual es distinto de null,
2017-11-23, 18:58:32, INFO  , Actual = a siguiente true,
2017-11-23, 18:58:32, INFO  , Actual es distinto de null,
2017-11-23, 18:58:32, INFO  , Actual = a siguiente true,
2017-11-23, 18:58:32, INFO  , Actual es distinto de null,
2017-11-23, 18:58:32, INFO  , Actual = a siguiente true,
2017-11-23, 18:58:32, INFO  , Actual es distinto de null,
2017-11-23, 18:58:32, INFO  , Actual = a siguiente true,
2017-11-23, 18:58:32, INFO  , Actual es distinto de null,
2017-11-23, 18:58:32, INFO  , Actual = a siguiente true,
2017-11-23, 18:58:32, INFO  , Actual es distinto de null,
2017-11-23, 18:58:32, INFO  , Actual = a siguiente true,
2017-11-23, 18:58:32, INFO  , Actual es distinto de null,
2017-11-23, 18:58:32, INFO  , Actual = a siguiente true,
2017-11-23, 18:58:32, INFO  , Actual es distinto de null,
2017-11-23, 18:58:32, INFO  , Actual = a siguiente true,
2017-11-23, 18:58:32, INFO  , Actual es distinto de null,
2017-11-23, 18:58:32, INFO  , Actual = a siguiente true,
2017-11-23, 18:58:32, INFO  , Actual es distinto de null,
2017-11-23, 18:58:32, INFO  , Actual = a siguiente true,
2017-11-23, 18:58:32, INFO  , Actual es distinto de null,
2017-11-23, 18:58:32, INFO  , Actual = a siguiente true,
2017-11-23, 18:58:32, INFO  , Actual es distinto de null,
2017-11-23, 18:58:32, INFO  , Actual = a siguiente true,
2017-11-23, 18:58:32, INFO  , Actual es distinto de null,
2017-11-23, 18:58:32, INFO  , Actual = a siguiente true,
2017-11-23, 18:58:32, INFO  , Actual es distinto de null,
2017-11-23, 18:58:32, INFO  , Actual = a siguiente true,
2017-11-23, 18:58:32, INFO  , Actual es distinto de null,
2017-11-23, 18:58:32, INFO  , Actual = a siguiente true,
2017-11-23, 18:58:32, INFO  , Actual es distinto de null,
2017-11-23, 18:58:32, INFO  , Actual = a siguiente true,
2017-11-23, 18:58:32, INFO  , Actual es distinto de null,
2017-11-23, 18:58:32, INFO  , Actual = a siguiente true,
2017-11-23, 18:58:32, INFO  , Actual es distinto de null,
2017-11-23, 18:58:32, INFO  , Actual = a siguiente true,
2017-11-23, 18:58:32, INFO  , Actual es distinto de null,
2017-11-23, 18:58:32, INFO  , Actual = a siguiente true,
2017-11-23, 18:58:32, INFO  , Actual es distinto de null,
2017-11-23, 18:58:32, INFO  , Actual = a siguiente true,
2017-11-23, 18:58:32, INFO  , Actual es distinto de null,
2017-11-23, 18:58:32, INFO  , Actual = a siguiente true,
2017-11-23, 18:58:32, INFO  , Actual es distinto de null,
2017-11-23, 18:58:32, INFO  , Actual = a siguiente true,
2017-11-23, 18:58:32, INFO  , Actual es distinto de null,
2017-11-23, 18:58:32, INFO  , Actual = a siguiente true,
2017-11-23, 18:58:32, INFO  , Actual es distinto de null,
2017-11-23, 18:58:32, INFO  , Actual = a siguiente true,
2017-11-23, 18:58:32, INFO  , Actual es distinto de null,
2017-11-23, 18:58:32, INFO  , Actual = a siguiente true,
2017-11-23, 18:58:32, INFO  , Actual es distinto de null,
2017-11-23, 18:58:32, INFO  , Actual = a siguiente true,
2017-11-23, 18:58:32, INFO  , Actual es distinto de null,
2017-11-23, 18:58:32, INFO  , Actual = a siguiente true,
2017-11-23, 18:58:32, INFO  , Actual es distinto de null,
2017-11-23, 18:58:32, INFO  , Actual = a siguiente true,
2017-11-23, 18:58:32, INFO  , Actual es distinto de null,
2017-11-23, 18:58:32, INFO  , Actual = a siguiente true,
2017-11-23, 18:58:32, INFO  , Actual es distinto de null,
2017-11-23, 18:58:32, INFO  , Actual = a siguiente true,
2017-11-23, 18:58:32, INFO  , Actual es distinto de null,
2017-11-23, 18:58:32, INFO  , Actual = a siguiente true,
2017-11-23, 18:58:32, INFO  , Actual es distinto de null,
2017-11-23, 18:58:32, INFO  , Actual = a siguiente true,
2017-11-23, 18:58:32, INFO  , Actual es distinto de null,
2017-11-23, 18:58:32, INFO  , Actual = a siguiente true,
2017-11-23, 18:58:32, INFO  , Actual es distinto de null,
2017-11-23, 18:58:32, INFO  , Actual = a siguiente true,
2017-11-23, 18:58:32, INFO  , Actual es distinto de null,
2017-11-23, 18:58:32, INFO  , Actual = a siguiente true,
2017-11-23, 18:58:32, INFO  , Actual es distinto de null,
2017-11-23, 18:58:32, INFO  , Actual = a siguiente true,
2017-11-23, 18:58:32, INFO  , Actual es distinto de null,
2017-11-23, 18:58:32, INFO  , Actual = a siguiente true,
2017-11-23, 18:58:32, INFO  , Actual es distinto de null,
2017-11-23, 18:58:32, INFO  , Entro,
2017-11-23, 18:58:16, INFO  , Termino ciclo,
2017-11-23, 18:58:16, INFO  , Salio true,
2017-11-23, 18:58:16, INFO  , Actual = a siguiente true,
2017-11-23, 18:58:16, INFO  , Actual es distinto de null,
2017-11-23, 18:58:16, INFO  , Actual = a siguiente true,
2017-11-23, 18:58:16, INFO  , Actual es distinto de null,
2017-11-23, 18:58:16, INFO  , Actual = a siguiente true,
2017-11-23, 18:58:16, INFO  , Actual es distinto de null,
2017-11-23, 18:58:16, INFO  , Actual = a siguiente true,
2017-11-23, 18:58:16, INFO  , Actual es distinto de null,
2017-11-23, 18:58:16, INFO  , Actual = a siguiente true,
2017-11-23, 18:58:16, INFO  , Actual es distinto de null,
2017-11-23, 18:58:16, INFO  , Actual = a siguiente true,
2017-11-23, 18:58:16, INFO  , Actual es distinto de null,
2017-11-23, 18:58:16, INFO  , Actual = a siguiente true,
2017-11-23, 18:58:16, INFO  , Actual es distinto de null,
2017-11-23, 18:58:16, INFO  , Actual = a siguiente true,
2017-11-23, 18:58:16, INFO  , Actual es distinto de null,
2017-11-23, 18:58:16, INFO  , Actual = a siguiente true,
2017-11-23, 18:58:16, INFO  , Actual es distinto de null,
2017-11-23, 18:58:16, INFO  , Actual = a siguiente true,
2017-11-23, 18:58:16, INFO  , Actual es distinto de null,
2017-11-23, 18:58:16, INFO  , Actual = a siguiente true,
2017-11-23, 18:58:16, INFO  , Actual es distinto de null,
2017-11-23, 18:58:16, INFO  , Actual = a siguiente true,
2017-11-23, 18:58:16, INFO  , Actual es distinto de null,
2017-11-23, 18:58:16, INFO  , Actual = a siguiente true,
2017-11-23, 18:58:16, INFO  , Actual es distinto de null,
2017-11-23, 18:58:16, INFO  , Actual = a siguiente true,
2017-11-23, 18:58:16, INFO  , Actual es distinto de null,
2017-11-23, 18:58:16, INFO  , Actual = a siguiente true,
2017-11-23, 18:58:16, INFO  , Actual es distinto de null,
2017-11-23, 18:58:16, INFO  , Actual = a siguiente true,
2017-11-23, 18:58:16, INFO  , Actual es distinto de null,
2017-11-23, 18:58:16, INFO  , Actual = a siguiente true,
2017-11-23, 18:58:16, INFO  , Actual es distinto de null,
2017-11-23, 18:58:16, INFO  , Actual = a siguiente true,
2017-11-23, 18:58:16, INFO  , Actual es distinto de null,
2017-11-23, 18:58:16, INFO  , Actual = a siguiente true,
2017-11-23, 18:58:16, INFO  , Actual es distinto de null,
2017-11-23, 18:58:16, INFO  , Actual = a siguiente true,
2017-11-23, 18:58:16, INFO  , Actual es distinto de null,
2017-11-23, 18:58:16, INFO  , Actual = a siguiente true,
2017-11-23, 18:58:16, INFO  , Actual es distinto de null,
2017-11-23, 18:58:16, INFO  , Actual = a siguiente true,
2017-11-23, 18:58:16, INFO  , Actual es distinto de null,
2017-11-23, 18:58:16, INFO  , Actual = a siguiente true,
2017-11-23, 18:58:16, INFO  , Actual es distinto de null,
2017-11-23, 18:58:16, INFO  , Actual = a siguiente true,
2017-11-23, 18:58:16, INFO  , Actual es distinto de null,
2017-11-23, 18:58:16, INFO  , Actual = a siguiente true,
2017-11-23, 18:58:16, INFO  , Actual es distinto de null,
2017-11-23, 18:58:16, INFO  , Actual = a siguiente true,
2017-11-23, 18:58:16, INFO  , Actual es distinto de null,
2017-11-23, 18:58:16, INFO  , Actual = a siguiente true,
2017-11-23, 18:58:16, INFO  , Actual es distinto de null,
2017-11-23, 18:58:16, INFO  , Actual = a siguiente true,
2017-11-23, 18:58:16, INFO  , Actual es distinto de null,
2017-11-23, 18:58:16, INFO  , Actual = a siguiente true,
2017-11-23, 18:58:16, INFO  , Actual es distinto de null,
2017-11-23, 18:58:16, INFO  , Actual = a siguiente true,
2017-11-23, 18:58:16, INFO  , Actual es distinto de null,
2017-11-23, 18:58:16, INFO  , Actual = a siguiente true,
2017-11-23, 18:58:16, INFO  , Actual es distinto de null,
2017-11-23, 18:58:16, INFO  , Actual = a siguiente true,
2017-11-23, 18:58:16, INFO  , Actual es distinto de null,
2017-11-23, 18:58:16, INFO  , Actual = a siguiente true,
2017-11-23, 18:58:16, INFO  , Actual es distinto de null,
2017-11-23, 18:58:16, INFO  , Actual = a siguiente true,
2017-11-23, 18:58:16, INFO  , Actual es distinto de null,
2017-11-23, 18:58:16, INFO  , Actual = a siguiente true,
2017-11-23, 18:58:16, INFO  , Actual es distinto de null,
2017-11-23, 18:58:16, INFO  , Actual = a siguiente true,
2017-11-23, 18:58:16, INFO  , Actual es distinto de null,
2017-11-23, 18:58:16, INFO  , Actual = a siguiente true,
2017-11-23, 18:58:16, INFO  , Actual es distinto de null,
2017-11-23, 18:58:16, INFO  , Actual = a siguiente true,
2017-11-23, 18:58:16, INFO  , Actual es distinto de null,
2017-11-23, 18:58:16, INFO  , Actual = a siguiente true,
2017-11-23, 18:58:16, INFO  , Actual es distinto de null,
2017-11-23, 18:58:16, INFO  , Actual = a siguiente true,
2017-11-23, 18:58:16, INFO  , Actual es distinto de null,
2017-11-23, 18:58:16, INFO  , Actual = a siguiente true,
2017-11-23, 18:58:16, INFO  , Actual es distinto de null,
2017-11-23, 18:58:16, INFO  , Actual = a siguiente true,
2017-11-23, 18:58:16, INFO  , Actual es distinto de null,
2017-11-23, 18:58:16, INFO  , Actual = a siguiente true,
2017-11-23, 18:58:16, INFO  , Actual es distinto de null,
2017-11-23, 18:58:16, INFO  , Actual = a siguiente true,
2017-11-23, 18:58:16, INFO  , Actual es distinto de null,
2017-11-23, 18:58:16, INFO  , Actual = a siguiente true,
2017-11-23, 18:58:16, INFO  , Actual es distinto de null,
2017-11-23, 18:58:16, INFO  , Actual = a siguiente true,
2017-11-23, 18:58:16, INFO  , Actual es distinto de null,
2017-11-23, 18:58:16, INFO  , Actual = a siguiente true,
2017-11-23, 18:58:16, INFO  , Actual es distinto de null,
2017-11-23, 18:58:16, INFO  , Actual = a siguiente true,
2017-11-23, 18:58:16, INFO  , Actual es distinto de null,
2017-11-23, 18:58:16, INFO  , Actual = a siguiente true,
2017-11-23, 18:58:16, INFO  , Actual es distinto de null,
2017-11-23, 18:58:16, INFO  , Actual = a siguiente true,
2017-11-23, 18:58:16, INFO  , Actual es distinto de null,
2017-11-23, 18:58:16, INFO  , Actual = a siguiente true,
2017-11-23, 18:58:16, INFO  , Actual es distinto de null,
2017-11-23, 18:58:16, INFO  , Actual = a siguiente true,
2017-11-23, 18:58:16, INFO  , Actual es distinto de null,
2017-11-23, 18:58:16, INFO  , Actual = a siguiente true,
2017-11-23, 18:58:16, INFO  , Actual es distinto de null,
2017-11-23, 18:58:16, INFO  , Actual = a siguiente true,
2017-11-23, 18:58:16, INFO  , Actual es distinto de null,
2017-11-23, 18:58:16, INFO  , Actual = a siguiente true,
2017-11-23, 18:58:16, INFO  , Actual es distinto de null,
2017-11-23, 18:58:16, INFO  , Actual = a siguiente true,
2017-11-23, 18:58:16, INFO  , Actual es distinto de null,
2017-11-23, 18:58:16, INFO  , Actual = a siguiente true,
2017-11-23, 18:58:16, INFO  , Actual es distinto de null,
2017-11-23, 18:58:16, INFO  , Actual = a siguiente true,
2017-11-23, 18:58:16, INFO  , Actual es distinto de null,
2017-11-23, 18:58:16, INFO  , Actual = a siguiente true,
2017-11-23, 18:58:16, INFO  , Actual es distinto de null,
2017-11-23, 18:58:16, INFO  , Actual = a siguiente true,
2017-11-23, 18:58:16, INFO  , Actual es distinto de null,
2017-11-23, 18:58:16, INFO  , Actual = a siguiente true,
2017-11-23, 18:58:16, INFO  , Actual es distinto de null,
2017-11-23, 18:58:16, INFO  , Actual = a siguiente true,
2017-11-23, 18:58:16, INFO  , Actual es distinto de null,
2017-11-23, 18:58:16, INFO  , Actual = a siguiente true,
2017-11-23, 18:58:16, INFO  , Actual es distinto de null,
2017-11-23, 18:58:16, INFO  , Actual = a siguiente true,
2017-11-23, 18:58:16, INFO  , Actual es distinto de null,
2017-11-23, 18:58:16, INFO  , Actual = a siguiente true,
2017-11-23, 18:58:16, INFO  , Actual es distinto de null,
2017-11-23, 18:58:16, INFO  , Actual = a siguiente true,
2017-11-23, 18:58:16, INFO  , Actual es distinto de null,
2017-11-23, 18:58:16, INFO  , Actual = a siguiente true,
2017-11-23, 18:58:16, INFO  , Actual es distinto de null,
2017-11-23, 18:58:16, INFO  , Actual = a siguiente true,
2017-11-23, 18:58:16, INFO  , Actual es distinto de null,
2017-11-23, 18:58:16, INFO  , Actual = a siguiente true,
2017-11-23, 18:58:16, INFO  , Actual es distinto de null,
2017-11-23, 18:58:16, INFO  , Actual = a siguiente true,
2017-11-23, 18:58:16, INFO  , Actual es distinto de null,
2017-11-23, 18:58:16, INFO  , Actual = a siguiente true,
2017-11-23, 18:58:16, INFO  , Actual es distinto de null,
2017-11-23, 18:58:16, INFO  , Actual = a siguiente true,
2017-11-23, 18:58:16, INFO  , Actual es distinto de null,
2017-11-23, 18:58:16, INFO  , Actual = a siguiente true,
2017-11-23, 18:58:16, INFO  , Actual es distinto de null,
2017-11-23, 18:58:16, INFO  , Actual = a siguiente true,
2017-11-23, 18:58:16, INFO  , Actual es distinto de null,
2017-11-23, 18:58:16, INFO  , Actual = a siguiente true,
2017-11-23, 18:58:16, INFO  , Actual es distinto de null,
2017-11-23, 18:58:16, INFO  , Actual = a siguiente true,
2017-11-23, 18:58:16, INFO  , Actual es distinto de null,
2017-11-23, 18:58:16, INFO  , Actual = a siguiente true,
2017-11-23, 18:58:16, INFO  , Actual es distinto de null,
2017-11-23, 18:58:16, INFO  , Actual = a siguiente true,
2017-11-23, 18:58:16, INFO  , Actual es distinto de null,
2017-11-23, 18:58:16, INFO  , Actual = a siguiente true,
2017-11-23, 18:58:16, INFO  , Actual es distinto de null,
2017-11-23, 18:58:16, INFO  , Actual = a siguiente true,
2017-11-23, 18:58:16, INFO  , Actual es distinto de null,
2017-11-23, 18:58:16, INFO  , Actual = a siguiente true,
2017-11-23, 18:58:16, INFO  , Actual es distinto de null,
2017-11-23, 18:58:16, INFO  , Actual = a siguiente true,
2017-11-23, 18:58:16, INFO  , Actual es distinto de null,
2017-11-23, 18:58:16, INFO  , Actual = a siguiente true,
2017-11-23, 18:58:16, INFO  , Actual es distinto de null,
2017-11-23, 18:58:16, INFO  , Actual = a siguiente true,
2017-11-23, 18:58:16, INFO  , Actual es distinto de null,
2017-11-23, 18:58:16, INFO  , Actual = a siguiente true,
2017-11-23, 18:58:16, INFO  , Actual es distinto de null,
2017-11-23, 18:58:16, INFO  , Actual = a siguiente true,
2017-11-23, 18:58:16, INFO  , Actual es distinto de null,
2017-11-23, 18:58:16, INFO  , Actual = a siguiente true,
2017-11-23, 18:58:16, INFO  , Actual es distinto de null,
2017-11-23, 18:58:16, INFO  , Actual = a siguiente true,
2017-11-23, 18:58:16, INFO  , Actual es distinto de null,
2017-11-23, 18:58:16, INFO  , Actual = a siguiente true,
2017-11-23, 18:58:16, INFO  , Actual es distinto de null,
2017-11-23, 18:58:16, INFO  , Actual = a siguiente true,
2017-11-23, 18:58:16, INFO  , Actual es distinto de null,
2017-11-23, 18:58:16, INFO  , Actual = a siguiente true,
2017-11-23, 18:58:16, INFO  , Actual es distinto de null,
2017-11-23, 18:58:16, INFO  , Actual = a siguiente true,
2017-11-23, 18:58:16, INFO  , Actual es distinto de null,
2017-11-23, 18:58:16, INFO  , Actual = a siguiente true,
2017-11-23, 18:58:16, INFO  , Actual es distinto de null,
2017-11-23, 18:58:16, INFO  , Entro,
2017-11-23, 18:57:53, INFO  , Termino ciclo,
2017-11-23, 18:57:53, INFO  , Salio true,
2017-11-23, 18:57:53, INFO  , Actual = a siguiente true,
2017-11-23, 18:57:53, INFO  , Actual es distinto de null,
2017-11-23, 18:57:53, INFO  , Actual = a siguiente true,
2017-11-23, 18:57:53, INFO  , Actual es distinto de null,
2017-11-23, 18:57:53, INFO  , Actual = a siguiente true,
2017-11-23, 18:57:53, INFO  , Actual es distinto de null,
2017-11-23, 18:57:53, INFO  , Actual = a siguiente true,
2017-11-23, 18:57:53, INFO  , Actual es distinto de null,
2017-11-23, 18:57:53, INFO  , Actual = a siguiente true,
2017-11-23, 18:57:53, INFO  , Actual es distinto de null,
2017-11-23, 18:57:53, INFO  , Actual = a siguiente true,
2017-11-23, 18:57:53, INFO  , Actual es distinto de null,
2017-11-23, 18:57:53, INFO  , Actual = a siguiente true,
2017-11-23, 18:57:53, INFO  , Actual es distinto de null,
2017-11-23, 18:57:53, INFO  , Actual = a siguiente true,
2017-11-23, 18:57:53, INFO  , Actual es distinto de null,
2017-11-23, 18:57:53, INFO  , Actual = a siguiente true,
2017-11-23, 18:57:53, INFO  , Actual es distinto de null,
2017-11-23, 18:57:53, INFO  , Actual = a siguiente true,
2017-11-23, 18:57:53, INFO  , Actual es distinto de null,
2017-11-23, 18:57:53, INFO  , Actual = a siguiente true,
2017-11-23, 18:57:53, INFO  , Actual es distinto de null,
2017-11-23, 18:57:53, INFO  , Actual = a siguiente true,
2017-11-23, 18:57:53, INFO  , Actual es distinto de null,
2017-11-23, 18:57:53, INFO  , Actual = a siguiente true,
2017-11-23, 18:57:53, INFO  , Actual es distinto de null,
2017-11-23, 18:57:53, INFO  , Actual = a siguiente true,
2017-11-23, 18:57:53, INFO  , Actual es distinto de null,
2017-11-23, 18:57:53, INFO  , Actual = a siguiente true,
2017-11-23, 18:57:53, INFO  , Actual es distinto de null,
2017-11-23, 18:57:53, INFO  , Actual = a siguiente true,
2017-11-23, 18:57:53, INFO  , Actual es distinto de null,
2017-11-23, 18:57:53, INFO  , Actual = a siguiente true,
2017-11-23, 18:57:53, INFO  , Actual es distinto de null,
2017-11-23, 18:57:53, INFO  , Actual = a siguiente true,
2017-11-23, 18:57:53, INFO  , Actual es distinto de null,
2017-11-23, 18:57:53, INFO  , Actual = a siguiente true,
2017-11-23, 18:57:53, INFO  , Actual es distinto de null,
2017-11-23, 18:57:53, INFO  , Actual = a siguiente true,
2017-11-23, 18:57:53, INFO  , Actual es distinto de null,
2017-11-23, 18:57:53, INFO  , Actual = a siguiente true,
2017-11-23, 18:57:53, INFO  , Actual es distinto de null,
2017-11-23, 18:57:53, INFO  , Actual = a siguiente true,
2017-11-23, 18:57:53, INFO  , Actual es distinto de null,
2017-11-23, 18:57:53, INFO  , Actual = a siguiente true,
2017-11-23, 18:57:53, INFO  , Actual es distinto de null,
2017-11-23, 18:57:53, INFO  , Actual = a siguiente true,
2017-11-23, 18:57:53, INFO  , Actual es distinto de null,
2017-11-23, 18:57:53, INFO  , Actual = a siguiente true,
2017-11-23, 18:57:53, INFO  , Actual es distinto de null,
2017-11-23, 18:57:53, INFO  , Actual = a siguiente true,
2017-11-23, 18:57:53, INFO  , Actual es distinto de null,
2017-11-23, 18:57:53, INFO  , Actual = a siguiente true,
2017-11-23, 18:57:53, INFO  , Actual es distinto de null,
2017-11-23, 18:57:53, INFO  , Actual = a siguiente true,
2017-11-23, 18:57:53, INFO  , Actual es distinto de null,
2017-11-23, 18:57:53, INFO  , Actual = a siguiente true,
2017-11-23, 18:57:53, INFO  , Actual es distinto de null,
2017-11-23, 18:57:53, INFO  , Actual = a siguiente true,
2017-11-23, 18:57:53, INFO  , Actual es distinto de null,
2017-11-23, 18:57:53, INFO  , Entro,
2017-11-23, 18:57:49, INFO  , Termino ciclo,
2017-11-23, 18:57:49, INFO  , Salio true,
2017-11-23, 18:57:49, INFO  , Actual = a siguiente true,
2017-11-23, 18:57:49, INFO  , Actual es distinto de null,
2017-11-23, 18:57:49, INFO  , Actual = a siguiente true,
2017-11-23, 18:57:49, INFO  , Actual es distinto de null,
2017-11-23, 18:57:49, INFO  , Actual = a siguiente true,
2017-11-23, 18:57:49, INFO  , Actual es distinto de null,
2017-11-23, 18:57:49, INFO  , Actual = a siguiente true,
2017-11-23, 18:57:49, INFO  , Actual es distinto de null,
2017-11-23, 18:57:49, INFO  , Actual = a siguiente true,
2017-11-23, 18:57:49, INFO  , Actual es distinto de null,
2017-11-23, 18:57:49, INFO  , Actual = a siguiente true,
2017-11-23, 18:57:49, INFO  , Actual es distinto de null,
2017-11-23, 18:57:49, INFO  , Actual = a siguiente true,
2017-11-23, 18:57:49, INFO  , Actual es distinto de null,
2017-11-23, 18:57:49, INFO  , Actual = a siguiente true,
2017-11-23, 18:57:49, INFO  , Actual es distinto de null,
2017-11-23, 18:57:49, INFO  , Actual = a siguiente true,
2017-11-23, 18:57:49, INFO  , Actual es distinto de null,
2017-11-23, 18:57:49, INFO  , Entro,
2017-11-23, 18:57:46, INFO  , Termino ciclo,
2017-11-23, 18:57:46, INFO  , Salio true,
2017-11-23, 18:57:46, INFO  , Actual = a siguiente true,
2017-11-23, 18:57:46, INFO  , Actual es distinto de null,
2017-11-23, 18:57:46, INFO  , Actual = a siguiente true,
2017-11-23, 18:57:46, INFO  , Actual es distinto de null,
2017-11-23, 18:57:46, INFO  , Entro,
2017-11-23, 18:57:34, INFO  , Es valido: true,
2017-11-23, 18:57:34, INFO  , Iniciando sesion,
